{"C:\\Devs\\DevWeb\\DevPleno\\AulasFSM\\Modulo6\\exercicios\\juros.js": {"path":"C:\\Devs\\DevWeb\\DevPleno\\AulasFSM\\Modulo6\\exercicios\\juros.js","statementMap":{"0":{"start":{"line":1,"column":21},"end":{"line":1,"column":45}},"1":{"start":{"line":1,"column":35},"end":{"line":1,"column":44}},"2":{"start":{"line":3,"column":25},"end":{"line":3,"column":85}},"3":{"start":{"line":3,"column":47},"end":{"line":3,"column":85}},"4":{"start":{"line":3,"column":60},"end":{"line":3,"column":85}},"5":{"start":{"line":6,"column":26},"end":{"line":6,"column":63}},"6":{"start":{"line":6,"column":39},"end":{"line":6,"column":63}},"7":{"start":{"line":8,"column":22},"end":{"line":8,"column":93}},"8":{"start":{"line":8,"column":49},"end":{"line":8,"column":93}},"9":{"start":{"line":8,"column":63},"end":{"line":8,"column":93}},"10":{"start":{"line":10,"column":0},"end":{"line":19,"column":1}}},"fnMap":{"0":{"name":"(anonymous_0)","decl":{"start":{"line":1,"column":21},"end":{"line":1,"column":22}},"loc":{"start":{"line":1,"column":35},"end":{"line":1,"column":44}},"line":1},"1":{"name":"(anonymous_1)","decl":{"start":{"line":3,"column":25},"end":{"line":3,"column":26}},"loc":{"start":{"line":3,"column":47},"end":{"line":3,"column":85}},"line":3},"2":{"name":"(anonymous_2)","decl":{"start":{"line":3,"column":47},"end":{"line":3,"column":48}},"loc":{"start":{"line":3,"column":60},"end":{"line":3,"column":85}},"line":3},"3":{"name":"(anonymous_3)","decl":{"start":{"line":6,"column":26},"end":{"line":6,"column":27}},"loc":{"start":{"line":6,"column":39},"end":{"line":6,"column":63}},"line":6},"4":{"name":"(anonymous_4)","decl":{"start":{"line":8,"column":22},"end":{"line":8,"column":23}},"loc":{"start":{"line":8,"column":49},"end":{"line":8,"column":93}},"line":8},"5":{"name":"(anonymous_5)","decl":{"start":{"line":8,"column":49},"end":{"line":8,"column":50}},"loc":{"start":{"line":8,"column":63},"end":{"line":8,"column":93}},"line":8}},"branchMap":{},"s":{"0":1,"1":2,"2":1,"3":2,"4":1,"5":1,"6":1,"7":1,"8":2,"9":1,"10":1},"f":{"0":2,"1":2,"2":1,"3":1,"4":2,"5":1},"b":{},"_coverageSchema":"1a1c01bbd47fc00a2c39e90264f33305004495a9","hash":"bcca583dca7648a8894fce702c7cf7cf848ec6dc"}
}
